[0.012s] Invoking command in '/home/chaos/moveit2_ws/src/moveit2_tutorials/doc/moveit2_commander_ws/build/python_interface': CMAKE_PREFIX_PATH=${CMAKE_PREFIX_PATH}:/home/chaos/moveit2_ws/install/ros2controlcli:/opt/ros/foxy /usr/bin/cmake --build /home/chaos/moveit2_ws/src/moveit2_tutorials/doc/moveit2_commander_ws/build/python_interface -- -j8 -l8
[0.034s] -- Found ament_cmake: 0.9.8 (/opt/ros/foxy/share/ament_cmake/cmake)
[0.049s] -- Using PYTHON_EXECUTABLE: /usr/bin/python3
[0.148s] -- Override CMake install command with custom implementation using symlinks instead of copying resources
[0.152s] -- Found rclcpp: 2.3.1 (/opt/ros/foxy/share/rclcpp/cmake)
[0.174s] -- Using all available rosidl_typesupport_c: rosidl_typesupport_fastrtps_c;rosidl_typesupport_introspection_c
[0.176s] -- Found rosidl_adapter: 1.2.1 (/opt/ros/foxy/share/rosidl_adapter/cmake)
[0.255s] -- Using all available rosidl_typesupport_cpp: rosidl_typesupport_fastrtps_cpp;rosidl_typesupport_introspection_cpp
[0.284s] -- Found rmw_implementation_cmake: 1.0.3 (/opt/ros/foxy/share/rmw_implementation_cmake/cmake)
[0.286s] -- Using RMW implementation 'rmw_fastrtps_cpp' as default
[0.370s] -- Found geometry_msgs: 2.0.4 (/opt/ros/foxy/share/geometry_msgs/cmake)
[0.389s] -- Found moveit_core: 2.1.0 (/home/chaos/moveit2_ws/install/moveit_core/share/moveit_core/cmake)
[0.399s] -- Found Boost: /usr/lib/x86_64-linux-gnu/cmake/Boost-1.71.0/BoostConfig.cmake (found version "1.71.0") found components: chrono date_time filesystem iostreams program_options regex serialization system thread 
[1.572s] -- Found moveit_ros_planning: 2.1.0 (/home/chaos/moveit2_ws/install/moveit_ros_planning/share/moveit_ros_planning/cmake)
[1.575s] -- Found Boost: /usr/lib/x86_64-linux-gnu/cmake/Boost-1.71.0/BoostConfig.cmake (found version "1.71.0") found components: system filesystem date_time program_options thread chrono 
[1.837s] -- Found Boost: /usr/lib/x86_64-linux-gnu/cmake/Boost-1.71.0/BoostConfig.cmake (found version "1.71.0") found components: thread 
[2.343s] -- Found moveit_ros_planning_interface: 2.1.0 (/home/chaos/moveit2_ws/install/moveit_ros_planning_interface/share/moveit_ros_planning_interface/cmake)
[2.345s] -- Found Boost: /usr/lib/x86_64-linux-gnu/cmake/Boost-1.71.0/BoostConfig.cmake (found version "1.71.0")  
[2.349s] -- Found Boost: /usr/lib/x86_64-linux-gnu/cmake/Boost-1.71.0/BoostConfig.cmake (found version "1.71.0") found components: date_time filesystem program_options python system thread 
[2.667s] -- Found Boost: /usr/lib/x86_64-linux-gnu/cmake/Boost-1.71.0/BoostConfig.cmake (found version "1.71.0") found components: system filesystem date_time program_options thread 
[3.162s] -- Found Boost: /usr/lib/x86_64-linux-gnu/cmake/Boost-1.71.0/BoostConfig.cmake (found version "1.71.0") found components: python 
[3.200s] -- Configuring done
[3.210s] -- Generating done
[3.211s] -- Build files have been written to: /home/chaos/moveit2_ws/src/moveit2_tutorials/doc/moveit2_commander_ws/build/python_interface
[3.233s] [35m[1mScanning dependencies of target _core[0m
[3.244s] [ 75%] [32mBuilding CXX object CMakeFiles/_core.dir/src/python/ros_init.cpp.o[0m
[3.244s] [ 75%] [32mBuilding CXX object CMakeFiles/_core.dir/src/python/core.cpp.o[0m
[3.244s] [ 75%] [32mBuilding CXX object CMakeFiles/_core.dir/src/python/task.cpp.o[0m
[3.250s] [01m[K/home/chaos/moveit2_ws/src/moveit2_tutorials/doc/moveit2_commander_ws/src/python_interface/src/python/task.cpp:1:10:[m[K [01;31m[Kfatal error: [m[Kmoveit/task_constructor/task.h: „Åù„ÅÆ„Çà„ÅÜ„Å™„Éï„Ç°„Ç§„É´„ÇÑ„Éá„Ç£„É¨„ÇØ„Éà„É™„ÅØ„ÅÇ„Çä„Åæ„Åõ„Çì
[3.250s]     1 | #include [01;31m[K<moveit/task_constructor/task.h>[m[K
[3.250s]       |          [01;31m[K^~~~~~~~~~~~~~~~~~~~~~~~~~~~~~~~[m[K
[3.250s] compilation terminated.
[3.252s] make[2]: *** [CMakeFiles/_core.dir/build.make:89: CMakeFiles/_core.dir/src/python/task.cpp.o] „Ç®„É©„Éº 1
[3.252s] make[2]: *** Êú™ÂÆå‰∫Ü„ÅÆ„Ç∏„Éß„Éñ„ÇíÂæÖ„Å£„Å¶„ÅÑ„Åæ„Åô....
[4.452s] [01m[K/home/chaos/moveit2_ws/src/moveit2_tutorials/doc/moveit2_commander_ws/src/python_interface/src/python/ros_init.cpp:4:10:[m[K [01;31m[Kfatal error: [m[Kros/init.h: „Åù„ÅÆ„Çà„ÅÜ„Å™„Éï„Ç°„Ç§„É´„ÇÑ„Éá„Ç£„É¨„ÇØ„Éà„É™„ÅØ„ÅÇ„Çä„Åæ„Åõ„Çì
[4.452s]     4 | #include [01;31m[K<ros/init.h>[m[K
[4.452s]       |          [01;31m[K^~~~~~~~~~~~[m[K
[4.452s] compilation terminated.
[4.458s] make[2]: *** [CMakeFiles/_core.dir/build.make:76: CMakeFiles/_core.dir/src/python/ros_init.cpp.o] „Ç®„É©„Éº 1
[4.903s] make[1]: *** [CMakeFiles/Makefile2:78: CMakeFiles/_core.dir/all] „Ç®„É©„Éº 2
[4.904s] make: *** [Makefile:141: all] „Ç®„É©„Éº 2
[4.905s] Invoked command in '/home/chaos/moveit2_ws/src/moveit2_tutorials/doc/moveit2_commander_ws/build/python_interface' returned '2': CMAKE_PREFIX_PATH=${CMAKE_PREFIX_PATH}:/home/chaos/moveit2_ws/install/ros2controlcli:/opt/ros/foxy /usr/bin/cmake --build /home/chaos/moveit2_ws/src/moveit2_tutorials/doc/moveit2_commander_ws/build/python_interface -- -j8 -l8
